<?xml version="1.0" encoding="UTF-8"?>
<testng-results ignored="0" total="1" passed="1" failed="0" skipped="0">
  <reporter-output>
  </reporter-output>
  <suite started-at="2024-04-19T12:29:51 IST" name="Default suite" finished-at="2024-04-19T12:29:57 IST" duration-ms="6899">
    <groups>
    </groups>
    <test started-at="2024-04-19T12:29:51 IST" name="Default test" finished-at="2024-04-19T12:29:57 IST" duration-ms="6899">
      <class name="testCases.MyFirstTestCase">
        <test-method is-config="true" signature="setUp()[pri:0, instance:testCases.MyFirstTestCase@6be968ce]" started-at="2024-04-19T12:29:51 IST" name="setUp" finished-at="2024-04-19T12:29:55 IST" duration-ms="4575" status="PASS">
          <reporter-output>
          </reporter-output>
        </test-method> <!-- setUp -->
        <test-method signature="LoginTest(java.lang.String,java.lang.String)[pri:0, instance:testCases.MyFirstTestCase@6be968ce]" started-at="2024-04-19T12:29:55 IST" name="LoginTest" data-provider="testdata" finished-at="2024-04-19T12:29:57 IST" duration-ms="2279" status="PASS">
          <params>
            <param index="0">
              <value>
                <![CDATA[neeti5.kaushik@gmail.com]]>
              </value>
            </param>
            <param index="1">
              <value>
                <![CDATA[Selenium@12]]>
              </value>
            </param>
          </params>
          <reporter-output>
          </reporter-output>
        </test-method> <!-- LoginTest -->
        <test-method is-config="true" signature="tearDown()[pri:0, instance:testCases.MyFirstTestCase@6be968ce]" started-at="2024-04-19T12:29:57 IST" name="tearDown" finished-at="2024-04-19T12:29:57 IST" duration-ms="1" status="PASS">
          <reporter-output>
          </reporter-output>
        </test-method> <!-- tearDown -->
      </class> <!-- testCases.MyFirstTestCase -->
    </test> <!-- Default test -->
  </suite> <!-- Default suite -->
</testng-results>
